[00:02:04:683] [INFO] - org.weather.basic.Log.startTestCase(Log.java:11) - ------------------ Checking if the url is running.  Testing begins ------------------
[00:02:05:527] [INFO] - org.weather.basic.Log.endTestCase(Log.java:16) - ------------------ Checking if the url is running.- Done, the ApiBaseUrl is:http://api.openweathermap.org/data/3.0  Testing ends ---------------
[00:02:05:536] [INFO] - org.weather.basic.Log.startTestCase(Log.java:11) - ------------------ Register a weather station without an API key starts running.  Testing begins ------------------
[00:02:07:696] [INFO] - org.weather.basic.Log.endTestCase(Log.java:16) - ------------------ Register a weather station without an API key.- Done  Testing ends ---------------
[00:02:09:094] [INFO] - org.weather.basic.Log.startTestCase(Log.java:11) - ------------------ Query_the_new_created_station - starts running.  Testing begins ------------------
[00:02:10:032] [INFO] - org.weather.basic.Log.startTestCase(Log.java:11) - ------------------ Query_the_new_created_station - starts running.  Testing begins ------------------
[00:09:47:585] [INFO] - org.weather.basic.Log.startTestCase(Log.java:11) - ------------------ Checking if the url is running.  Testing begins ------------------
[00:09:48:552] [INFO] - org.weather.basic.Log.endTestCase(Log.java:16) - ------------------ Checking if the url is running.- Done, the ApiBaseUrl is:http://api.openweathermap.org/data/3.0  Testing ends ---------------
[00:09:48:563] [INFO] - org.weather.basic.Log.startTestCase(Log.java:11) - ------------------ Register a weather station without an API key starts running.  Testing begins ------------------
[00:09:50:893] [INFO] - org.weather.basic.Log.endTestCase(Log.java:16) - ------------------ Register a weather station without an API key.- Done  Testing ends ---------------
[00:09:52:748] [INFO] - org.weather.basic.Log.startTestCase(Log.java:11) - ------------------ Query_the_new_created_station - starts running.  Testing begins ------------------
[00:09:53:768] [INFO] - org.weather.basic.Log.startTestCase(Log.java:11) - ------------------ Query_the_new_created_station - starts running.  Testing begins ------------------
[00:30:18:923] [INFO] - org.weather.basic.Log.startTestCase(Log.java:11) - ------------------ Checking if the url is running.  Testing begins ------------------
[00:30:19:575] [INFO] - org.weather.basic.Log.endTestCase(Log.java:16) - ------------------ Checking if the url is running.- Done, the ApiBaseUrl is:http://api.openweathermap.org/data/3.0  Testing ends ---------------
[00:30:19:580] [INFO] - org.weather.basic.Log.startTestCase(Log.java:11) - ------------------ Register a weather station without an API key starts running.  Testing begins ------------------
[00:30:21:531] [INFO] - org.weather.basic.Log.endTestCase(Log.java:16) - ------------------ Register a weather station without an API key.- Done  Testing ends ---------------
[00:30:23:170] [INFO] - org.weather.basic.Log.startTestCase(Log.java:11) - ------------------ Query_the_new_created_station - starts running.  Testing begins ------------------
[00:30:24:558] [INFO] - org.weather.basic.Log.startTestCase(Log.java:11) - ------------------ Query_the_new_created_station - starts running.  Testing begins ------------------
[00:31:38:188] [INFO] - org.weather.basic.Log.startTestCase(Log.java:11) - ------------------ Checking if the url is running.  Testing begins ------------------
[00:31:38:889] [INFO] - org.weather.basic.Log.endTestCase(Log.java:16) - ------------------ Checking if the url is running.- Done, the ApiBaseUrl is:http://api.openweathermap.org/data/3.0  Testing ends ---------------
[00:31:38:896] [INFO] - org.weather.basic.Log.startTestCase(Log.java:11) - ------------------ Register a weather station without an API key starts running.  Testing begins ------------------
[00:31:40:725] [INFO] - org.weather.basic.Log.endTestCase(Log.java:16) - ------------------ Register a weather station without an API key.- Done  Testing ends ---------------
[00:31:42:172] [INFO] - org.weather.basic.Log.startTestCase(Log.java:11) - ------------------ Query_the_new_created_station - starts running.  Testing begins ------------------
[00:31:42:822] [INFO] - org.weather.basic.Log.startTestCase(Log.java:11) - ------------------ Query_the_new_created_station - Done.  Testing begins ------------------
[00:31:43:563] [INFO] - org.weather.basic.Log.startTestCase(Log.java:11) - ------------------ Query_the_new_created_station - starts running.  Testing begins ------------------
[00:31:44:204] [INFO] - org.weather.basic.Log.startTestCase(Log.java:11) - ------------------ Query_the_new_created_station - Done.  Testing begins ------------------
[00:35:10:507] [INFO] - org.weather.basic.Log.startTestCase(Log.java:11) - ------------------ Checking if the url is running.  Testing begins ------------------
[00:35:11:410] [INFO] - org.weather.basic.Log.endTestCase(Log.java:16) - ------------------ Checking if the url is running.- Done, the ApiBaseUrl is:http://api.openweathermap.org/data/3.0  Testing ends ---------------
[00:35:11:417] [INFO] - org.weather.basic.Log.startTestCase(Log.java:11) - ------------------ Register a weather station without an API key starts running.  Testing begins ------------------
[00:35:13:427] [INFO] - org.weather.basic.Log.endTestCase(Log.java:16) - ------------------ Register a weather station without an API key.- Done  Testing ends ---------------
[00:35:14:985] [INFO] - org.weather.basic.Log.startTestCase(Log.java:11) - ------------------ Query_the_new_created_station - starts running.  Testing begins ------------------
[00:35:16:568] [INFO] - org.weather.basic.Log.startTestCase(Log.java:11) - ------------------ Query_the_new_created_station - starts running.  Testing begins ------------------
[01:03:32:145] [INFO] - org.weather.basic.Log.startTestCase(Log.java:11) - ------------------ Checking if the url is running.  Testing begins ------------------
[01:03:33:038] [INFO] - org.weather.basic.Log.endTestCase(Log.java:16) - ------------------ Checking if the url is running.- Done, the ApiBaseUrl is:http://api.openweathermap.org/data/3.0  Testing ends ---------------
[01:03:33:045] [INFO] - org.weather.basic.Log.startTestCase(Log.java:11) - ------------------ Register a weather station without an API key starts running.  Testing begins ------------------
[01:03:35:687] [INFO] - org.weather.basic.Log.endTestCase(Log.java:16) - ------------------ Register a weather station without an API key.- Done  Testing ends ---------------
[01:03:37:237] [INFO] - org.weather.basic.Log.startTestCase(Log.java:11) - ------------------ Query_the_new_created_station - starts running.  Testing begins ------------------
[01:03:39:988] [INFO] - org.weather.basic.Log.startTestCase(Log.java:11) - ------------------ Query_the_new_created_station - starts running.  Testing begins ------------------
[01:16:14:158] [INFO] - org.weather.basic.Log.startTestCase(Log.java:11) - ------------------ Checking if the url is running.  Testing begins ------------------
[01:16:14:991] [INFO] - org.weather.basic.Log.endTestCase(Log.java:16) - ------------------ Checking if the url is running.- Done, the ApiBaseUrl is:http://api.openweathermap.org/data/3.0  Testing ends ---------------
[01:16:14:997] [INFO] - org.weather.basic.Log.startTestCase(Log.java:11) - ------------------ Register a weather station without an API key starts running.  Testing begins ------------------
[01:16:17:136] [INFO] - org.weather.basic.Log.endTestCase(Log.java:16) - ------------------ Register a weather station without an API key.- Done  Testing ends ---------------
[01:16:18:720] [INFO] - org.weather.basic.Log.startTestCase(Log.java:11) - ------------------ Query_the_new_created_station - starts running.  Testing begins ------------------
[01:16:21:436] [INFO] - org.weather.basic.Log.startTestCase(Log.java:11) - ------------------ Query_the_new_created_station - starts running.  Testing begins ------------------
[01:26:02:827] [INFO] - org.weather.basic.Log.startTestCase(Log.java:11) - ------------------ Checking if the url is running.  Testing begins ------------------
[01:26:03:618] [INFO] - org.weather.basic.Log.endTestCase(Log.java:16) - ------------------ Checking if the url is running.- Done, the ApiBaseUrl is:http://api.openweathermap.org/data/3.0  Testing ends ---------------
[01:26:03:624] [INFO] - org.weather.basic.Log.startTestCase(Log.java:11) - ------------------ Register a weather station without an API key starts running.  Testing begins ------------------
[01:26:05:640] [INFO] - org.weather.basic.Log.endTestCase(Log.java:16) - ------------------ Register a weather station without an API key.- Done  Testing ends ---------------
[01:26:07:116] [INFO] - org.weather.basic.Log.startTestCase(Log.java:11) - ------------------ Query_the_new_created_station - starts running.  Testing begins ------------------
[01:26:09:796] [INFO] - org.weather.basic.Log.startTestCase(Log.java:11) - ------------------ Query_the_new_created_station - starts running.  Testing begins ------------------
[01:36:43:711] [INFO] - org.weather.basic.Log.startTestCase(Log.java:11) - ------------------ Checking if the url is running.  Testing begins ------------------
[01:36:44:475] [INFO] - org.weather.basic.Log.endTestCase(Log.java:16) - ------------------ Checking if the url is running.- Done, the ApiBaseUrl is:http://api.openweathermap.org/data/3.0  Testing ends ---------------
[01:36:44:481] [INFO] - org.weather.basic.Log.startTestCase(Log.java:11) - ------------------ Register a weather station without an API key starts running.  Testing begins ------------------
[01:36:46:544] [INFO] - org.weather.basic.Log.endTestCase(Log.java:16) - ------------------ Register a weather station without an API key.- Done  Testing ends ---------------
[01:36:48:111] [INFO] - org.weather.basic.Log.startTestCase(Log.java:11) - ------------------ Query_the_new_created_station - starts running.  Testing begins ------------------
[01:36:50:723] [INFO] - org.weather.basic.Log.startTestCase(Log.java:11) - ------------------ Query_the_new_created_station - starts running.  Testing begins ------------------
[01:38:37:457] [INFO] - org.weather.basic.Log.startTestCase(Log.java:11) - ------------------ Checking if the url is running.  Testing begins ------------------
[01:38:38:267] [INFO] - org.weather.basic.Log.endTestCase(Log.java:16) - ------------------ Checking if the url is running.- Done, the ApiBaseUrl is:http://api.openweathermap.org/data/3.0  Testing ends ---------------
[01:38:38:272] [INFO] - org.weather.basic.Log.startTestCase(Log.java:11) - ------------------ Register a weather station without an API key starts running.  Testing begins ------------------
[01:38:40:225] [INFO] - org.weather.basic.Log.endTestCase(Log.java:16) - ------------------ Register a weather station without an API key.- Done  Testing ends ---------------
[01:38:41:869] [INFO] - org.weather.basic.Log.startTestCase(Log.java:11) - ------------------ Query_the_new_created_station - starts running.  Testing begins ------------------
[01:38:42:576] [INFO] - org.weather.basic.Log.startTestCase(Log.java:11) - ------------------ Query_the_new_created_station - Done.  Testing begins ------------------
[01:38:43:282] [INFO] - org.weather.basic.Log.startTestCase(Log.java:11) - ------------------ Query_the_new_created_station - starts running.  Testing begins ------------------
[01:38:43:889] [INFO] - org.weather.basic.Log.startTestCase(Log.java:11) - ------------------ Query_the_new_created_station - Done.  Testing begins ------------------
[01:44:51:599] [INFO] - org.weather.basic.Log.startTestCase(Log.java:11) - ------------------ Checking if the url is running.  Testing begins ------------------
[01:44:52:447] [INFO] - org.weather.basic.Log.endTestCase(Log.java:16) - ------------------ Checking if the url is running.- Done, the ApiBaseUrl is:http://api.openweathermap.org/data/3.0  Testing ends ---------------
[01:44:52:453] [INFO] - org.weather.basic.Log.startTestCase(Log.java:11) - ------------------ Register a weather station without an API key starts running.  Testing begins ------------------
[01:44:54:274] [INFO] - org.weather.basic.Log.endTestCase(Log.java:16) - ------------------ Register a weather station without an API key.- Done  Testing ends ---------------
[01:44:55:948] [INFO] - org.weather.basic.Log.startTestCase(Log.java:11) - ------------------ Query_the_new_created_station - starts running.  Testing begins ------------------
[01:44:56:625] [INFO] - org.weather.basic.Log.startTestCase(Log.java:11) - ------------------ Query_the_new_created_station - Done.  Testing begins ------------------
[01:44:57:306] [INFO] - org.weather.basic.Log.startTestCase(Log.java:11) - ------------------ Query_the_new_created_station - starts running.  Testing begins ------------------
[01:44:57:929] [INFO] - org.weather.basic.Log.startTestCase(Log.java:11) - ------------------ Query_the_new_created_station - Done.  Testing begins ------------------
[10:05:26:887] [INFO] - org.weather.basic.Log.startTestCase(Log.java:11) - ------------------ Checking if the url is running.  Testing begins ------------------
[10:05:27:697] [INFO] - org.weather.basic.Log.endTestCase(Log.java:16) - ------------------ Checking if the url is running.- Done, the ApiBaseUrl is:http://api.openweathermap.org/data/3.0  Testing ends ---------------
[10:05:27:704] [INFO] - org.weather.basic.Log.startTestCase(Log.java:11) - ------------------ Register a weather station without an API key starts running.  Testing begins ------------------
[10:05:29:130] [INFO] - org.weather.basic.Log.endTestCase(Log.java:16) - ------------------ Register a weather station without an API key.- Done  Testing ends ---------------
[10:05:30:392] [INFO] - org.weather.basic.Log.startTestCase(Log.java:11) - ------------------ Query_the_new_created_station - starts running.  Testing begins ------------------
[10:05:31:032] [INFO] - org.weather.basic.Log.startTestCase(Log.java:11) - ------------------ Query_the_new_created_station - Done.  Testing begins ------------------
[10:05:31:713] [INFO] - org.weather.basic.Log.startTestCase(Log.java:11) - ------------------ Query_the_new_created_station - starts running.  Testing begins ------------------
[10:05:32:285] [INFO] - org.weather.basic.Log.startTestCase(Log.java:11) - ------------------ Query_the_new_created_station - Done.  Testing begins ------------------
[10:19:46:419] [INFO] - org.weather.basic.Log.startTestCase(Log.java:11) - ------------------ Checking if the url is running.  Testing begins ------------------
[10:19:46:907] [INFO] - org.weather.basic.Log.endTestCase(Log.java:16) - ------------------ Checking if the url is running.- Done, the ApiBaseUrl is:http://api.openweathermap.org/data/3.0  Testing ends ---------------
[10:19:46:912] [INFO] - org.weather.basic.Log.startTestCase(Log.java:11) - ------------------ Register a weather station without an API key starts running.  Testing begins ------------------
[10:19:48:129] [INFO] - org.weather.basic.Log.endTestCase(Log.java:16) - ------------------ Register a weather station without an API key.- Done  Testing ends ---------------
[10:19:49:331] [INFO] - org.weather.basic.Log.startTestCase(Log.java:11) - ------------------ Query_the_new_created_station - starts running.  Testing begins ------------------
[10:19:49:963] [INFO] - org.weather.basic.Log.startTestCase(Log.java:11) - ------------------ Query_the_new_created_station - Done.  Testing begins ------------------
[10:19:50:613] [INFO] - org.weather.basic.Log.startTestCase(Log.java:11) - ------------------ Query_the_new_created_station - starts running.  Testing begins ------------------
[10:19:51:182] [INFO] - org.weather.basic.Log.startTestCase(Log.java:11) - ------------------ Query_the_new_created_station - Done.  Testing begins ------------------
[10:21:40:873] [INFO] - org.weather.basic.Log.startTestCase(Log.java:11) - ------------------ Checking if the url is running.  Testing begins ------------------
[10:21:41:357] [INFO] - org.weather.basic.Log.endTestCase(Log.java:16) - ------------------ Checking if the url is running.- Done, the ApiBaseUrl is:http://api.openweathermap.org/data/3.0  Testing ends ---------------
[10:21:41:362] [INFO] - org.weather.basic.Log.startTestCase(Log.java:11) - ------------------ Register a weather station without an API key starts running.  Testing begins ------------------
[10:21:42:568] [INFO] - org.weather.basic.Log.endTestCase(Log.java:16) - ------------------ Register a weather station without an API key.- Done  Testing ends ---------------
[10:21:43:764] [INFO] - org.weather.basic.Log.startTestCase(Log.java:11) - ------------------ Query_the_new_created_station - starts running.  Testing begins ------------------
[10:21:44:388] [INFO] - org.weather.basic.Log.startTestCase(Log.java:11) - ------------------ Query_the_new_created_station - Done.  Testing begins ------------------
[10:21:45:014] [INFO] - org.weather.basic.Log.startTestCase(Log.java:11) - ------------------ Query_the_new_created_station - starts running.  Testing begins ------------------
[10:21:45:598] [INFO] - org.weather.basic.Log.startTestCase(Log.java:11) - ------------------ Query_the_new_created_station - Done.  Testing begins ------------------
[10:24:40:437] [INFO] - org.weather.basic.Log.startTestCase(Log.java:11) - ------------------ Checking if the url is running.  Testing begins ------------------
[10:24:40:927] [INFO] - org.weather.basic.Log.endTestCase(Log.java:16) - ------------------ Checking if the url is running.- Done, the ApiBaseUrl is:http://api.openweathermap.org/data/3.0  Testing ends ---------------
[10:24:40:933] [INFO] - org.weather.basic.Log.startTestCase(Log.java:11) - ------------------ Register a weather station without an API key starts running.  Testing begins ------------------
[10:24:42:256] [INFO] - org.weather.basic.Log.endTestCase(Log.java:16) - ------------------ Register a weather station without an API key.- Done  Testing ends ---------------
[10:24:43:435] [INFO] - org.weather.basic.Log.startTestCase(Log.java:11) - ------------------ Query_the_new_created_station - starts running.  Testing begins ------------------
[10:24:44:042] [INFO] - org.weather.basic.Log.startTestCase(Log.java:11) - ------------------ Query_the_new_created_station - Done.  Testing begins ------------------
[10:24:44:675] [INFO] - org.weather.basic.Log.startTestCase(Log.java:11) - ------------------ Query_the_new_created_station - starts running.  Testing begins ------------------
[10:24:45:258] [INFO] - org.weather.basic.Log.startTestCase(Log.java:11) - ------------------ Query_the_new_created_station - Done.  Testing begins ------------------
[10:33:48:534] [INFO] - org.weather.basic.Log.startTestCase(Log.java:11) - ------------------ Checking if the url is running.  Testing begins ------------------
[10:33:49:047] [INFO] - org.weather.basic.Log.endTestCase(Log.java:16) - ------------------ Checking if the url is running.- Done, the ApiBaseUrl is:http://api.openweathermap.org/data/3.0  Testing ends ---------------
[10:33:49:054] [INFO] - org.weather.basic.Log.startTestCase(Log.java:11) - ------------------ Register a weather station without an API key starts running.  Testing begins ------------------
[10:33:50:326] [INFO] - org.weather.basic.Log.endTestCase(Log.java:16) - ------------------ Register a weather station without an API key.- Done  Testing ends ---------------
[10:33:51:511] [INFO] - org.weather.basic.Log.startTestCase(Log.java:11) - ------------------ Query_the_new_created_station - starts running.  Testing begins ------------------
[10:33:52:134] [INFO] - org.weather.basic.Log.startTestCase(Log.java:11) - ------------------ Query_the_new_created_station - Done.  Testing begins ------------------
[10:33:52:781] [INFO] - org.weather.basic.Log.startTestCase(Log.java:11) - ------------------ Query_the_new_created_station - starts running.  Testing begins ------------------
[10:33:53:372] [INFO] - org.weather.basic.Log.startTestCase(Log.java:11) - ------------------ Query_the_new_created_station - Done.  Testing begins ------------------
[11:07:10:743] [INFO] - org.weather.basic.Log.startTestCase(Log.java:11) - ------------------ Checking if the url is running.  Testing begins ------------------
[11:07:11:306] [INFO] - org.weather.basic.Log.endTestCase(Log.java:16) - ------------------ Checking if the url is running.- Done, the ApiBaseUrl is:http://api.openweathermap.org/data/3.0  Testing ends ---------------
[11:07:11:312] [INFO] - org.weather.basic.Log.startTestCase(Log.java:11) - ------------------ Register a weather station without an API key starts running.  Testing begins ------------------
[11:07:12:639] [INFO] - org.weather.basic.Log.endTestCase(Log.java:16) - ------------------ Register a weather station without an API key.- Done  Testing ends ---------------
[11:07:13:852] [INFO] - org.weather.basic.Log.startTestCase(Log.java:11) - ------------------ Query_the_new_created_station - starts running.  Testing begins ------------------
[11:07:14:455] [INFO] - org.weather.basic.Log.startTestCase(Log.java:11) - ------------------ Query_the_new_created_station - Done.  Testing begins ------------------
[11:07:15:091] [INFO] - org.weather.basic.Log.startTestCase(Log.java:11) - ------------------ Query_the_new_created_station - starts running.  Testing begins ------------------
[11:07:15:688] [INFO] - org.weather.basic.Log.startTestCase(Log.java:11) - ------------------ Query_the_new_created_station - Done.  Testing begins ------------------
[11:14:04:425] [INFO] - org.weather.basic.Log.startTestCase(Log.java:11) - ------------------ Checking if the url is running.  Testing begins ------------------
[11:14:04:934] [INFO] - org.weather.basic.Log.endTestCase(Log.java:16) - ------------------ Checking if the url is running.- Done, the ApiBaseUrl is:http://api.openweathermap.org/data/3.0  Testing ends ---------------
[11:14:04:942] [INFO] - org.weather.basic.Log.startTestCase(Log.java:11) - ------------------ Register a weather station without an API key starts running.  Testing begins ------------------
[11:14:06:273] [INFO] - org.weather.basic.Log.endTestCase(Log.java:16) - ------------------ Register a weather station without an API key.- Done  Testing ends ---------------
[11:14:07:450] [INFO] - org.weather.basic.Log.startTestCase(Log.java:11) - ------------------ Query_the_new_created_station - starts running.  Testing begins ------------------
[11:14:08:130] [INFO] - org.weather.basic.Log.startTestCase(Log.java:11) - ------------------ Query_the_new_created_station - Done.  Testing begins ------------------
[11:14:08:783] [INFO] - org.weather.basic.Log.startTestCase(Log.java:11) - ------------------ Query_the_new_created_station - starts running.  Testing begins ------------------
[11:14:09:436] [INFO] - org.weather.basic.Log.startTestCase(Log.java:11) - ------------------ Query_the_new_created_station - Done.  Testing begins ------------------
[11:16:39:469] [INFO] - org.weather.basic.Log.startTestCase(Log.java:11) - ------------------ Checking if the url is running.  Testing begins ------------------
[11:16:39:991] [INFO] - org.weather.basic.Log.endTestCase(Log.java:16) - ------------------ Checking if the url is running.- Done, the ApiBaseUrl is:http://api.openweathermap.org/data/3.0  Testing ends ---------------
[11:16:39:997] [INFO] - org.weather.basic.Log.startTestCase(Log.java:11) - ------------------ Register a weather station without an API key starts running.  Testing begins ------------------
[11:16:41:263] [INFO] - org.weather.basic.Log.endTestCase(Log.java:16) - ------------------ Register a weather station without an API key.- Done  Testing ends ---------------
[11:16:42:622] [INFO] - org.weather.basic.Log.startTestCase(Log.java:11) - ------------------ Query_the_new_created_station - starts running.  Testing begins ------------------
[11:16:43:368] [INFO] - org.weather.basic.Log.startTestCase(Log.java:11) - ------------------ Query_the_new_created_station - Done.  Testing begins ------------------
[11:16:43:993] [INFO] - org.weather.basic.Log.startTestCase(Log.java:11) - ------------------ Query_the_new_created_station - starts running.  Testing begins ------------------
[11:16:44:712] [INFO] - org.weather.basic.Log.startTestCase(Log.java:11) - ------------------ Query_the_new_created_station - Done.  Testing begins ------------------
[11:42:13:340] [INFO] - org.weather.basic.Log.startTestCase(Log.java:11) - ------------------ Checking if the url is running.  Testing begins ------------------
[11:42:13:910] [INFO] - org.weather.basic.Log.endTestCase(Log.java:16) - ------------------ Checking if the url is running.- Done, the ApiBaseUrl is:http://api.openweathermap.org/data/3.0  Testing ends ---------------
[11:42:13:916] [INFO] - org.weather.basic.Log.startTestCase(Log.java:11) - ------------------ Register a weather station without an API key starts running.  Testing begins ------------------
[11:42:15:300] [INFO] - org.weather.basic.Log.endTestCase(Log.java:16) - ------------------ Register a weather station without an API key.- Done  Testing ends ---------------
[11:42:16:472] [INFO] - org.weather.basic.Log.startTestCase(Log.java:11) - ------------------ Query_the_new_created_station - starts running.  Testing begins ------------------
[11:42:17:207] [INFO] - org.weather.basic.Log.startTestCase(Log.java:11) - ------------------ Query_the_new_created_station - Done.  Testing begins ------------------
[11:42:17:887] [INFO] - org.weather.basic.Log.startTestCase(Log.java:11) - ------------------ Query_the_new_created_station - starts running.  Testing begins ------------------
[11:42:18:601] [INFO] - org.weather.basic.Log.startTestCase(Log.java:11) - ------------------ Query_the_new_created_station - Done.  Testing begins ------------------
[11:44:19:954] [INFO] - org.weather.basic.Log.startTestCase(Log.java:11) - ------------------ Checking if the url is running.  Testing begins ------------------
[11:44:20:513] [INFO] - org.weather.basic.Log.endTestCase(Log.java:16) - ------------------ Checking if the url is running.- Done, the ApiBaseUrl is:http://api.openweathermap.org/data/3.0  Testing ends ---------------
[11:44:20:519] [INFO] - org.weather.basic.Log.startTestCase(Log.java:11) - ------------------ Register a weather station without an API key starts running.  Testing begins ------------------
[11:44:22:053] [INFO] - org.weather.basic.Log.endTestCase(Log.java:16) - ------------------ Register a weather station without an API key.- Done  Testing ends ---------------
[11:44:23:284] [INFO] - org.weather.basic.Log.startTestCase(Log.java:11) - ------------------ Query_the_new_created_station - starts running.  Testing begins ------------------
[11:44:24:066] [INFO] - org.weather.basic.Log.startTestCase(Log.java:11) - ------------------ Query_the_new_created_station - Done.  Testing begins ------------------
[11:44:24:738] [INFO] - org.weather.basic.Log.startTestCase(Log.java:11) - ------------------ Query_the_new_created_station - starts running.  Testing begins ------------------
[11:44:25:407] [INFO] - org.weather.basic.Log.startTestCase(Log.java:11) - ------------------ Query_the_new_created_station - Done.  Testing begins ------------------
[11:46:48:908] [INFO] - org.weather.basic.Log.startTestCase(Log.java:11) - ------------------ Checking if the url is running.  Testing begins ------------------
[11:46:49:425] [INFO] - org.weather.basic.Log.endTestCase(Log.java:16) - ------------------ Checking if the url is running.- Done, the ApiBaseUrl is:http://api.openweathermap.org/data/3.0  Testing ends ---------------
[11:46:49:431] [INFO] - org.weather.basic.Log.startTestCase(Log.java:11) - ------------------ Register a weather station without an API key starts running.  Testing begins ------------------
[11:46:50:684] [INFO] - org.weather.basic.Log.endTestCase(Log.java:16) - ------------------ Register a weather station without an API key.- Done  Testing ends ---------------
[11:46:51:820] [INFO] - org.weather.basic.Log.startTestCase(Log.java:11) - ------------------ Query_the_new_created_station - starts running.  Testing begins ------------------
[11:46:52:596] [INFO] - org.weather.basic.Log.startTestCase(Log.java:11) - ------------------ Query_the_new_created_station - Done.  Testing begins ------------------
[11:46:53:247] [INFO] - org.weather.basic.Log.startTestCase(Log.java:11) - ------------------ Query_the_new_created_station - starts running.  Testing begins ------------------
[11:46:53:929] [INFO] - org.weather.basic.Log.startTestCase(Log.java:11) - ------------------ Query_the_new_created_station - Done.  Testing begins ------------------
[11:51:31:646] [INFO] - org.weather.basic.Log.startTestCase(Log.java:11) - ------------------ Checking if the url is running.  Testing begins ------------------
[11:51:32:199] [INFO] - org.weather.basic.Log.endTestCase(Log.java:16) - ------------------ Checking if the url is running.- Done, the ApiBaseUrl is:http://api.openweathermap.org/data/3.0  Testing ends ---------------
[11:51:32:205] [INFO] - org.weather.basic.Log.startTestCase(Log.java:11) - ------------------ Register a weather station without an API key starts running.  Testing begins ------------------
[11:51:33:611] [INFO] - org.weather.basic.Log.endTestCase(Log.java:16) - ------------------ Register a weather station without an API key.- Done  Testing ends ---------------
[11:51:34:835] [INFO] - org.weather.basic.Log.startTestCase(Log.java:11) - ------------------ Query_the_new_created_station - starts running.  Testing begins ------------------
[11:51:35:622] [INFO] - org.weather.basic.Log.startTestCase(Log.java:11) - ------------------ Query_the_new_created_station - Done.  Testing begins ------------------
[11:51:36:275] [INFO] - org.weather.basic.Log.startTestCase(Log.java:11) - ------------------ Query_the_new_created_station - starts running.  Testing begins ------------------
[11:51:36:965] [INFO] - org.weather.basic.Log.startTestCase(Log.java:11) - ------------------ Query_the_new_created_station - Done.  Testing begins ------------------
[12:03:36:906] [INFO] - org.weather.basic.Log.startTestCase(Log.java:11) - ------------------ Checking if the url is running.  Testing begins ------------------
[12:03:37:455] [INFO] - org.weather.basic.Log.endTestCase(Log.java:16) - ------------------ Checking if the url is running.- Done, the ApiBaseUrl is:http://api.openweathermap.org/data/3.0  Testing ends ---------------
[12:03:37:461] [INFO] - org.weather.basic.Log.startTestCase(Log.java:11) - ------------------ Register a weather station without an API key starts running.  Testing begins ------------------
[12:03:38:672] [INFO] - org.weather.basic.Log.endTestCase(Log.java:16) - ------------------ Register a weather station without an API key.- Done  Testing ends ---------------
[12:03:39:850] [INFO] - org.weather.basic.Log.startTestCase(Log.java:11) - ------------------ Query_the_new_created_station - starts running.  Testing begins ------------------
[12:03:40:603] [INFO] - org.weather.basic.Log.startTestCase(Log.java:11) - ------------------ Query_the_new_created_station - Done.  Testing begins ------------------
[12:03:41:280] [INFO] - org.weather.basic.Log.startTestCase(Log.java:11) - ------------------ Query_the_new_created_station - starts running.  Testing begins ------------------
[12:03:41:959] [INFO] - org.weather.basic.Log.startTestCase(Log.java:11) - ------------------ Query_the_new_created_station - Done.  Testing begins ------------------
[12:07:51:407] [INFO] - org.weather.basic.Log.startTestCase(Log.java:11) - ------------------ Checking if the url is running.  Testing begins ------------------
[12:07:51:965] [INFO] - org.weather.basic.Log.endTestCase(Log.java:16) - ------------------ Checking if the url is running.- Done, the ApiBaseUrl is:http://api.openweathermap.org/data/3.0  Testing ends ---------------
[12:07:51:971] [INFO] - org.weather.basic.Log.startTestCase(Log.java:11) - ------------------ Register a weather station without an API key starts running.  Testing begins ------------------
[12:07:53:383] [INFO] - org.weather.basic.Log.endTestCase(Log.java:16) - ------------------ Register a weather station without an API key.- Done  Testing ends ---------------
[12:07:54:627] [INFO] - org.weather.basic.Log.startTestCase(Log.java:11) - ------------------ Query_the_new_created_station - starts running.  Testing begins ------------------
[12:07:55:418] [INFO] - org.weather.basic.Log.startTestCase(Log.java:11) - ------------------ Query_the_new_created_station - Done.  Testing begins ------------------
[12:07:56:112] [INFO] - org.weather.basic.Log.startTestCase(Log.java:11) - ------------------ Query_the_new_created_station - starts running.  Testing begins ------------------
[12:07:56:831] [INFO] - org.weather.basic.Log.startTestCase(Log.java:11) - ------------------ Query_the_new_created_station - Done.  Testing begins ------------------
[12:10:04:857] [INFO] - org.weather.basic.Log.startTestCase(Log.java:11) - ------------------ Checking if the url is running.  Testing begins ------------------
[12:10:05:340] [INFO] - org.weather.basic.Log.endTestCase(Log.java:16) - ------------------ Checking if the url is running.- Done, the ApiBaseUrl is:http://api.openweathermap.org/data/3.0  Testing ends ---------------
[12:10:05:346] [INFO] - org.weather.basic.Log.startTestCase(Log.java:11) - ------------------ Register a weather station without an API key starts running.  Testing begins ------------------
[12:10:06:904] [INFO] - org.weather.basic.Log.endTestCase(Log.java:16) - ------------------ Register a weather station without an API key.- Done  Testing ends ---------------
[12:10:08:083] [INFO] - org.weather.basic.Log.startTestCase(Log.java:11) - ------------------ Query_the_new_created_station - starts running.  Testing begins ------------------
[12:10:08:890] [INFO] - org.weather.basic.Log.startTestCase(Log.java:11) - ------------------ Query_the_new_created_station - Done.  Testing begins ------------------
[12:10:09:581] [INFO] - org.weather.basic.Log.startTestCase(Log.java:11) - ------------------ Query_the_new_created_station - starts running.  Testing begins ------------------
[12:10:10:223] [INFO] - org.weather.basic.Log.startTestCase(Log.java:11) - ------------------ Query_the_new_created_station - Done.  Testing begins ------------------
[12:15:27:508] [INFO] - org.weather.basic.Log.startTestCase(Log.java:11) - ------------------ Checking if the url is running.  Testing begins ------------------
[12:15:28:070] [INFO] - org.weather.basic.Log.endTestCase(Log.java:16) - ------------------ Checking if the url is running.- Done, the ApiBaseUrl is:http://api.openweathermap.org/data/3.0  Testing ends ---------------
[12:15:28:079] [INFO] - org.weather.basic.Log.startTestCase(Log.java:11) - ------------------ Register a weather station without an API key starts running.  Testing begins ------------------
[12:15:29:557] [INFO] - org.weather.basic.Log.endTestCase(Log.java:16) - ------------------ Register a weather station without an API key.- Done  Testing ends ---------------
[12:15:30:902] [INFO] - org.weather.basic.Log.startTestCase(Log.java:11) - ------------------ Query_the_new_created_station - starts running.  Testing begins ------------------
[12:15:31:737] [INFO] - org.weather.basic.Log.startTestCase(Log.java:11) - ------------------ Query_the_new_created_station - Done.  Testing begins ------------------
[12:15:32:391] [INFO] - org.weather.basic.Log.startTestCase(Log.java:11) - ------------------ Query_the_new_created_station - starts running.  Testing begins ------------------
[12:15:33:128] [INFO] - org.weather.basic.Log.startTestCase(Log.java:11) - ------------------ Query_the_new_created_station - Done.  Testing begins ------------------
[12:32:42:127] [INFO] - org.weather.basic.Log.startTestCase(Log.java:11) - ------------------ Checking if the url is running.  Testing begins ------------------
[12:32:42:949] [INFO] - org.weather.basic.Log.endTestCase(Log.java:16) - ------------------ Checking if the url is running.- Done, the ApiBaseUrl is:http://api.openweathermap.org/data/3.0  Testing ends ---------------
[12:32:42:958] [INFO] - org.weather.basic.Log.startTestCase(Log.java:11) - ------------------ Register a weather station without an API key starts running.  Testing begins ------------------
[12:32:44:817] [INFO] - org.weather.basic.Log.endTestCase(Log.java:16) - ------------------ Register a weather station without an API key.- Done  Testing ends ---------------
[12:32:46:276] [INFO] - org.weather.basic.Log.startTestCase(Log.java:11) - ------------------ Query_the_new_created_station - starts running.  Testing begins ------------------
[12:32:47:109] [INFO] - org.weather.basic.Log.startTestCase(Log.java:11) - ------------------ Query_the_new_created_station - Done.  Testing begins ------------------
[12:32:47:778] [INFO] - org.weather.basic.Log.startTestCase(Log.java:11) - ------------------ Query_the_new_created_station - starts running.  Testing begins ------------------
[12:32:48:499] [INFO] - org.weather.basic.Log.startTestCase(Log.java:11) - ------------------ Query_the_new_created_station - Done.  Testing begins ------------------
